given range is not current
Informational: 開始為要求的測試回合執行測試探索
Informational: ========== 開始測試探索 ==========
Informational: ========== 測試探索已完成: 在 899.2 毫秒 找到 33 項測試 ==========
Informational: ========== 開始測試回合 ==========
TableControl: QueueUpdate 2021/11/13 下午 11:13:31:138
TableControl: About to update entries 2021/11/13 下午 11:13:31:251
TableControl: Updating entries 2021/11/13 下午 11:13:31:251
TableControl: Updating entries (UI thread) 2021/11/13 下午 11:13:31:251
TableControl: Refreshing UI 2021/11/13 下午 11:13:31:252
TableControl: QueueUpdate 2021/11/13 下午 11:13:33:282
TableControl: About to update entries 2021/11/13 下午 11:13:33:383
TableControl: Updating entries 2021/11/13 下午 11:13:33:385
TableControl: Updating entries (UI thread) 2021/11/13 下午 11:13:33:400
TableControl: Refreshing UI 2021/11/13 下午 11:13:33:402
TableControl: QueueUpdate 2021/11/13 下午 11:13:34:803
TableControl: About to update entries 2021/11/13 下午 11:13:34:904
TableControl: Updating entries 2021/11/13 下午 11:13:34:905
TableControl: Updating entries (UI thread) 2021/11/13 下午 11:13:34:920
TableControl: Refreshing UI 2021/11/13 下午 11:13:34:922
TableControl: QueueUpdate 2021/11/13 下午 11:13:36:313
TableControl: About to update entries 2021/11/13 下午 11:13:36:415
TableControl: Updating entries 2021/11/13 下午 11:13:36:416
TableControl: Updating entries (UI thread) 2021/11/13 下午 11:13:36:418
TableControl: Refreshing UI 2021/11/13 下午 11:13:36:419
TableControl: QueueUpdate 2021/11/13 下午 11:13:37:819
TableControl: About to update entries 2021/11/13 下午 11:13:37:932
TableControl: Updating entries 2021/11/13 下午 11:13:37:932
TableControl: Updating entries (UI thread) 2021/11/13 下午 11:13:37:933
TableControl: Refreshing UI 2021/11/13 下午 11:13:37:933
TableControl: QueueUpdate 2021/11/13 下午 11:13:39:329
TableControl: About to update entries 2021/11/13 下午 11:13:39:429
TableControl: Updating entries 2021/11/13 下午 11:13:39:429
TableControl: Updating entries (UI thread) 2021/11/13 下午 11:13:39:430
TableControl: Refreshing UI 2021/11/13 下午 11:13:39:430
TableControl: QueueUpdate 2021/11/13 下午 11:13:40:854
TableControl: About to update entries 2021/11/13 下午 11:13:40:962
TableControl: Updating entries 2021/11/13 下午 11:13:40:963
TableControl: Updating entries (UI thread) 2021/11/13 下午 11:13:40:966
TableControl: Refreshing UI 2021/11/13 下午 11:13:40:967
TableControl: QueueUpdate 2021/11/13 下午 11:13:42:348
TableControl: About to update entries 2021/11/13 下午 11:13:42:450
TableControl: Updating entries 2021/11/13 下午 11:13:42:450
TableControl: Updating entries (UI thread) 2021/11/13 下午 11:13:42:464
TableControl: Refreshing UI 2021/11/13 下午 11:13:42:464
TableControl: QueueUpdate 2021/11/13 下午 11:13:43:846
TableControl: About to update entries 2021/11/13 下午 11:13:43:947
TableControl: Updating entries 2021/11/13 下午 11:13:43:948
TableControl: Updating entries (UI thread) 2021/11/13 下午 11:13:43:953
TableControl: Refreshing UI 2021/11/13 下午 11:13:43:954
TableControl: QueueUpdate 2021/11/13 下午 11:13:45:368
TableControl: About to update entries 2021/11/13 下午 11:13:45:475
TableControl: Updating entries 2021/11/13 下午 11:13:45:476
TableControl: Updating entries (UI thread) 2021/11/13 下午 11:13:45:478
TableControl: Refreshing UI 2021/11/13 下午 11:13:45:479
TableControl: QueueUpdate 2021/11/13 下午 11:13:46:860
TableControl: About to update entries 2021/11/13 下午 11:13:46:961
TableControl: Updating entries 2021/11/13 下午 11:13:46:961
TableControl: Updating entries (UI thread) 2021/11/13 下午 11:13:46:963
TableControl: Refreshing UI 2021/11/13 下午 11:13:46:963
TableControl: QueueUpdate 2021/11/13 下午 11:13:48:387
TableControl: About to update entries 2021/11/13 下午 11:13:48:498
TableControl: Updating entries 2021/11/13 下午 11:13:48:499
TableControl: Updating entries (UI thread) 2021/11/13 下午 11:13:48:500
TableControl: Refreshing UI 2021/11/13 下午 11:13:48:501
TableControl: QueueUpdate 2021/11/13 下午 11:13:49:877
TableControl: About to update entries 2021/11/13 下午 11:13:49:978
TableControl: Updating entries 2021/11/13 下午 11:13:49:979
TableControl: Updating entries (UI thread) 2021/11/13 下午 11:13:50:296
TableControl: Refreshing UI 2021/11/13 下午 11:13:50:296
TableControl: QueueUpdate 2021/11/13 下午 11:13:51:391
TableControl: About to update entries 2021/11/13 下午 11:13:51:493
TableControl: Updating entries 2021/11/13 下午 11:13:51:493
TableControl: Updating entries (UI thread) 2021/11/13 下午 11:13:51:914
TableControl: Refreshing UI 2021/11/13 下午 11:13:51:915
TableControl: QueueUpdate 2021/11/13 下午 11:13:52:916
TableControl: About to update entries 2021/11/13 下午 11:13:53:23
TableControl: Updating entries 2021/11/13 下午 11:13:53:25
TableControl: Updating entries (UI thread) 2021/11/13 下午 11:13:53:182
TableControl: Refreshing UI 2021/11/13 下午 11:13:53:182
TableControl: QueueUpdate 2021/11/13 下午 11:13:54:409
TableControl: About to update entries 2021/11/13 下午 11:13:54:524
TableControl: Updating entries 2021/11/13 下午 11:13:54:524
TableControl: Updating entries (UI thread) 2021/11/13 下午 11:13:55:762
TableControl: Refreshing UI 2021/11/13 下午 11:13:55:843
TableControl: QueueUpdate 2021/11/13 下午 11:13:55:921
TableControl: About to update entries 2021/11/13 下午 11:13:56:22
TableControl: Updating entries 2021/11/13 下午 11:13:56:24
TableControl: Updating entries (UI thread) 2021/11/13 下午 11:13:56:25
TableControl: Refreshing UI 2021/11/13 下午 11:13:56:26
TableControl: QueueUpdate 2021/11/13 下午 11:13:57:437
TableControl: About to update entries 2021/11/13 下午 11:13:57:538
TableControl: Updating entries 2021/11/13 下午 11:13:57:539
TableControl: Updating entries (UI thread) 2021/11/13 下午 11:13:57:545
TableControl: Refreshing UI 2021/11/13 下午 11:13:57:546
TableControl: QueueUpdate 2021/11/13 下午 11:13:58:963
TableControl: About to update entries 2021/11/13 下午 11:13:59:72
TableControl: Updating entries 2021/11/13 下午 11:13:59:73
TableControl: Updating entries (UI thread) 2021/11/13 下午 11:13:59:73
TableControl: Refreshing UI 2021/11/13 下午 11:13:59:74
TableControl: QueueUpdate 2021/11/13 下午 11:14:00:455
TableControl: About to update entries 2021/11/13 下午 11:14:00:556
TableControl: Updating entries 2021/11/13 下午 11:14:00:556
TableControl: Updating entries (UI thread) 2021/11/13 下午 11:14:00:557
TableControl: Refreshing UI 2021/11/13 下午 11:14:00:557
TableControl: QueueUpdate 2021/11/13 下午 11:14:01:994
TableControl: About to update entries 2021/11/13 下午 11:14:02:101
TableControl: Updating entries 2021/11/13 下午 11:14:02:103
TableControl: Updating entries (UI thread) 2021/11/13 下午 11:14:02:104
TableControl: Refreshing UI 2021/11/13 下午 11:14:02:105
TableControl: QueueUpdate 2021/11/13 下午 11:14:03:488
TableControl: About to update entries 2021/11/13 下午 11:14:03:590
TableControl: Updating entries 2021/11/13 下午 11:14:03:591
TableControl: Updating entries (UI thread) 2021/11/13 下午 11:14:03:591
TableControl: Refreshing UI 2021/11/13 下午 11:14:03:592
TableControl: QueueUpdate 2021/11/13 下午 11:14:04:999
TableControl: About to update entries 2021/11/13 下午 11:14:05:106
TableControl: Updating entries 2021/11/13 下午 11:14:05:108
TableControl: Updating entries (UI thread) 2021/11/13 下午 11:14:05:109
TableControl: Refreshing UI 2021/11/13 下午 11:14:05:110
Informational: ========== 測試回合已完成: 在 34.2 秒 執行了 33 項測試 (33 項通過，0 項失敗，0 項跳過) ==========
TableControl: QueueUpdate 2021/11/13 下午 11:14:06:40
TableControl: About to update entries 2021/11/13 下午 11:14:06:149
TableControl: Updating entries 2021/11/13 下午 11:14:06:149
TableControl: Updating entries (UI thread) 2021/11/13 下午 11:14:06:150
TableControl: Refreshing UI 2021/11/13 下午 11:14:06:150
Informational: 測試資料存放區在 0.100 秒內開啟。
TableControl: QueueUpdate 2021/11/15 下午 06:42:19:31
TableControl: About to update entries 2021/11/15 下午 06:42:19:32
TableControl: QueueUpdate 2021/11/15 下午 06:42:19:33
TableControl: Updating entries 2021/11/15 下午 06:42:19:35
TableControl: QueueUpdate 2021/11/15 下午 06:42:19:37
TableControl: QueueUpdate 2021/11/15 下午 06:42:19:39
TableControl: QueueUpdate 2021/11/15 下午 06:42:19:41
TableControl: QueueUpdate 2021/11/15 下午 06:42:19:57
TableControl: Updating entries (UI thread) 2021/11/15 下午 06:42:19:104
TableControl: Refreshing UI 2021/11/15 下午 06:42:19:105
TableControl: QueueUpdate 2021/11/15 下午 06:42:19:105
TableControl: About to update entries 2021/11/15 下午 06:42:19:105
TableControl: Updating entries 2021/11/15 下午 06:42:19:114
TableControl: Updating entries (UI thread) 2021/11/15 下午 06:42:19:115
TableControl: QueueUpdate 2021/11/15 下午 06:42:19:115
TableControl: QueueUpdate 2021/11/15 下午 06:42:19:116
TableControl: Refreshing UI 2021/11/15 下午 06:42:19:117
TableControl: QueueUpdate 2021/11/15 下午 06:42:19:118
TableControl: About to update entries 2021/11/15 下午 06:42:19:118
TableControl: Updating entries 2021/11/15 下午 06:42:19:119
TableControl: Updating entries (UI thread) 2021/11/15 下午 06:42:19:119
TableControl: Refreshing UI 2021/11/15 下午 06:42:19:119
Warning: 建置失敗或其已取消。
Informational: ========== 開始測試探索 ==========
Warning: D:\Mydata\視窗程式設計\_homeWork\HTMLParser\bin\Debug\_homeWork.exe 中未提供任何測試。請確定已登錄了測試探索程式與執行程式，且平台與 Framework 版本設定皆正確，然後再試一次。
TableControl: QueueUpdate 2021/11/15 下午 06:42:25:337
TableControl: About to update entries 2021/11/15 下午 06:42:25:337
TableControl: Updating entries 2021/11/15 下午 06:42:25:338
TableControl: Updating entries (UI thread) 2021/11/15 下午 06:42:25:338
TableControl: Refreshing UI 2021/11/15 下午 06:42:25:352
Informational: ========== 測試探索已完成: 在 2 秒 找到 33 項測試 ==========
TableControl: QueueUpdate 2021/11/15 下午 06:42:26:298
TableControl: About to update entries 2021/11/15 下午 06:42:26:299
TableControl: Updating entries 2021/11/15 下午 06:42:26:300
TableControl: Updating entries (UI thread) 2021/11/15 下午 06:42:26:302
TableControl: Refreshing UI 2021/11/15 下午 06:42:26:313
TableControl: QueueUpdate 2021/11/15 下午 06:42:27:486
TableControl: About to update entries 2021/11/15 下午 06:42:27:487
TableControl: Updating entries 2021/11/15 下午 06:42:27:488
TableControl: Updating entries (UI thread) 2021/11/15 下午 06:42:27:489
TableControl: Refreshing UI 2021/11/15 下午 06:42:27:490
TableControl: QueueUpdate 2021/11/15 下午 06:42:28:259
TableControl: About to update entries 2021/11/15 下午 06:42:28:259
TableControl: Updating entries 2021/11/15 下午 06:42:28:260
TableControl: Updating entries (UI thread) 2021/11/15 下午 06:42:28:271
TableControl: Refreshing UI 2021/11/15 下午 06:42:28:271
Informational: 開始為要求的測試回合執行測試探索
Informational: ========== 開始測試探索 ==========
Informational: ========== 測試探索已完成: 在 857.4 毫秒 找到 33 項測試 ==========
Informational: ========== 開始測試回合 ==========
TableControl: QueueUpdate 2021/11/15 下午 06:43:22:652
TableControl: About to update entries 2021/11/15 下午 06:43:22:761
TableControl: Updating entries 2021/11/15 下午 06:43:22:761
TableControl: Updating entries (UI thread) 2021/11/15 下午 06:43:22:762
TableControl: Refreshing UI 2021/11/15 下午 06:43:22:762
TableControl: QueueUpdate 2021/11/15 下午 06:43:24:808
TableControl: About to update entries 2021/11/15 下午 06:43:24:916
TableControl: Updating entries 2021/11/15 下午 06:43:24:918
TableControl: Updating entries (UI thread) 2021/11/15 下午 06:43:24:919
TableControl: Refreshing UI 2021/11/15 下午 06:43:24:921
TableControl: QueueUpdate 2021/11/15 下午 06:43:26:346
TableControl: About to update entries 2021/11/15 下午 06:43:26:447
TableControl: Updating entries 2021/11/15 下午 06:43:26:449
TableControl: Updating entries (UI thread) 2021/11/15 下午 06:43:26:450
TableControl: Refreshing UI 2021/11/15 下午 06:43:26:452
TableControl: QueueUpdate 2021/11/15 下午 06:43:27:838
TableControl: About to update entries 2021/11/15 下午 06:43:27:946
TableControl: Updating entries 2021/11/15 下午 06:43:27:948
TableControl: Updating entries (UI thread) 2021/11/15 下午 06:43:27:949
TableControl: Refreshing UI 2021/11/15 下午 06:43:27:950
TableControl: QueueUpdate 2021/11/15 下午 06:43:29:341
TableControl: About to update entries 2021/11/15 下午 06:43:29:448
TableControl: Updating entries 2021/11/15 下午 06:43:29:449
TableControl: Updating entries (UI thread) 2021/11/15 下午 06:43:29:450
TableControl: Refreshing UI 2021/11/15 下午 06:43:29:451
TableControl: QueueUpdate 2021/11/15 下午 06:43:30:852
TableControl: About to update entries 2021/11/15 下午 06:43:30:960
TableControl: Updating entries 2021/11/15 下午 06:43:30:961
TableControl: Updating entries (UI thread) 2021/11/15 下午 06:43:30:963
TableControl: Refreshing UI 2021/11/15 下午 06:43:30:964
TableControl: QueueUpdate 2021/11/15 下午 06:43:32:353
TableControl: About to update entries 2021/11/15 下午 06:43:32:460
TableControl: Updating entries 2021/11/15 下午 06:43:32:460
TableControl: Updating entries (UI thread) 2021/11/15 下午 06:43:32:461
TableControl: Refreshing UI 2021/11/15 下午 06:43:32:461
TableControl: QueueUpdate 2021/11/15 下午 06:43:33:855
TableControl: About to update entries 2021/11/15 下午 06:43:33:962
TableControl: Updating entries 2021/11/15 下午 06:43:33:964
TableControl: Updating entries (UI thread) 2021/11/15 下午 06:43:33:965
TableControl: Refreshing UI 2021/11/15 下午 06:43:33:966
TableControl: QueueUpdate 2021/11/15 下午 06:43:35:358
TableControl: About to update entries 2021/11/15 下午 06:43:35:459
TableControl: Updating entries 2021/11/15 下午 06:43:35:459
TableControl: Updating entries (UI thread) 2021/11/15 下午 06:43:35:460
TableControl: Refreshing UI 2021/11/15 下午 06:43:35:460
TableControl: QueueUpdate 2021/11/15 下午 06:43:36:876
TableControl: About to update entries 2021/11/15 下午 06:43:36:978
TableControl: Updating entries 2021/11/15 下午 06:43:36:979
TableControl: Updating entries (UI thread) 2021/11/15 下午 06:43:36:979
TableControl: Refreshing UI 2021/11/15 下午 06:43:36:980
TableControl: QueueUpdate 2021/11/15 下午 06:43:38:381
TableControl: About to update entries 2021/11/15 下午 06:43:38:494
TableControl: Updating entries 2021/11/15 下午 06:43:38:494
TableControl: Updating entries (UI thread) 2021/11/15 下午 06:43:38:495
TableControl: Refreshing UI 2021/11/15 下午 06:43:38:495
TableControl: QueueUpdate 2021/11/15 下午 06:43:39:872
TableControl: About to update entries 2021/11/15 下午 06:43:39:980
TableControl: Updating entries 2021/11/15 下午 06:43:39:982
TableControl: Updating entries (UI thread) 2021/11/15 下午 06:43:39:983
TableControl: Refreshing UI 2021/11/15 下午 06:43:39:985
TableControl: QueueUpdate 2021/11/15 下午 06:43:41:396
TableControl: About to update entries 2021/11/15 下午 06:43:41:512
TableControl: Updating entries 2021/11/15 下午 06:43:41:512
TableControl: Updating entries (UI thread) 2021/11/15 下午 06:43:41:513
TableControl: Refreshing UI 2021/11/15 下午 06:43:41:513
TableControl: QueueUpdate 2021/11/15 下午 06:43:42:897
TableControl: About to update entries 2021/11/15 下午 06:43:43:6
TableControl: Updating entries 2021/11/15 下午 06:43:43:6
TableControl: Updating entries (UI thread) 2021/11/15 下午 06:43:43:7
TableControl: Refreshing UI 2021/11/15 下午 06:43:43:7
TableControl: QueueUpdate 2021/11/15 下午 06:43:44:384
TableControl: About to update entries 2021/11/15 下午 06:43:44:493
TableControl: Updating entries 2021/11/15 下午 06:43:44:495
TableControl: Updating entries (UI thread) 2021/11/15 下午 06:43:44:497
TableControl: Refreshing UI 2021/11/15 下午 06:43:44:498
TableControl: QueueUpdate 2021/11/15 下午 06:43:45:893
TableControl: About to update entries 2021/11/15 下午 06:43:45:995
TableControl: Updating entries 2021/11/15 下午 06:43:45:996
TableControl: Updating entries (UI thread) 2021/11/15 下午 06:43:45:997
TableControl: Refreshing UI 2021/11/15 下午 06:43:45:997
TableControl: QueueUpdate 2021/11/15 下午 06:43:47:408
TableControl: About to update entries 2021/11/15 下午 06:43:47:509
TableControl: Updating entries 2021/11/15 下午 06:43:47:510
TableControl: Updating entries (UI thread) 2021/11/15 下午 06:43:47:512
TableControl: Refreshing UI 2021/11/15 下午 06:43:47:513
TableControl: QueueUpdate 2021/11/15 下午 06:43:48:913
TableControl: About to update entries 2021/11/15 下午 06:43:49:27
TableControl: Updating entries 2021/11/15 下午 06:43:49:27
TableControl: Updating entries (UI thread) 2021/11/15 下午 06:43:49:28
TableControl: Refreshing UI 2021/11/15 下午 06:43:49:28
TableControl: QueueUpdate 2021/11/15 下午 06:43:50:406
TableControl: About to update entries 2021/11/15 下午 06:43:50:508
TableControl: Updating entries 2021/11/15 下午 06:43:50:509
TableControl: Updating entries (UI thread) 2021/11/15 下午 06:43:50:510
TableControl: Refreshing UI 2021/11/15 下午 06:43:50:510
TableControl: QueueUpdate 2021/11/15 下午 06:43:51:909
TableControl: About to update entries 2021/11/15 下午 06:43:52:11
TableControl: Updating entries 2021/11/15 下午 06:43:52:12
TableControl: Updating entries (UI thread) 2021/11/15 下午 06:43:52:13
TableControl: Refreshing UI 2021/11/15 下午 06:43:52:13
TableControl: QueueUpdate 2021/11/15 下午 06:43:53:431
TableControl: About to update entries 2021/11/15 下午 06:43:53:538
TableControl: Updating entries 2021/11/15 下午 06:43:53:539
TableControl: Updating entries (UI thread) 2021/11/15 下午 06:43:53:540
TableControl: Refreshing UI 2021/11/15 下午 06:43:53:541
TableControl: QueueUpdate 2021/11/15 下午 06:43:54:927
TableControl: About to update entries 2021/11/15 下午 06:43:55:40
TableControl: Updating entries 2021/11/15 下午 06:43:55:40
TableControl: Updating entries (UI thread) 2021/11/15 下午 06:43:55:41
TableControl: Refreshing UI 2021/11/15 下午 06:43:55:41
TableControl: QueueUpdate 2021/11/15 下午 06:43:56:427
TableControl: About to update entries 2021/11/15 下午 06:43:56:541
TableControl: Updating entries 2021/11/15 下午 06:43:56:543
TableControl: Updating entries (UI thread) 2021/11/15 下午 06:43:56:544
TableControl: Refreshing UI 2021/11/15 下午 06:43:56:545
TableControl: QueueUpdate 2021/11/15 下午 06:43:57:925
TableControl: About to update entries 2021/11/15 下午 06:43:58:26
TableControl: Updating entries 2021/11/15 下午 06:43:58:26
TableControl: Updating entries (UI thread) 2021/11/15 下午 06:43:58:28
TableControl: Refreshing UI 2021/11/15 下午 06:43:58:28
Informational: ========== 測試回合已完成: 在 35.2 秒 執行了 33 項測試 (33 項通過，0 項失敗，0 項跳過) ==========
TableControl: QueueUpdate 2021/11/15 下午 06:43:59:389
TableControl: About to update entries 2021/11/15 下午 06:43:59:489
TableControl: Updating entries 2021/11/15 下午 06:43:59:489
TableControl: Updating entries (UI thread) 2021/11/15 下午 06:43:59:490
TableControl: Refreshing UI 2021/11/15 下午 06:43:59:490
Informational: 測試資料存放區在 0.088 秒內開啟。
TableControl: QueueUpdate 2021/11/15 下午 07:39:53:384
TableControl: About to update entries 2021/11/15 下午 07:39:53:384
TableControl: QueueUpdate 2021/11/15 下午 07:39:53:386
TableControl: Updating entries 2021/11/15 下午 07:39:53:388
TableControl: QueueUpdate 2021/11/15 下午 07:39:53:390
TableControl: QueueUpdate 2021/11/15 下午 07:39:53:392
TableControl: QueueUpdate 2021/11/15 下午 07:39:53:394
TableControl: QueueUpdate 2021/11/15 下午 07:39:53:418
TableControl: Updating entries (UI thread) 2021/11/15 下午 07:39:53:477
TableControl: Refreshing UI 2021/11/15 下午 07:39:53:478
TableControl: QueueUpdate 2021/11/15 下午 07:39:53:478
TableControl: About to update entries 2021/11/15 下午 07:39:53:479
TableControl: Updating entries 2021/11/15 下午 07:39:53:489
TableControl: Updating entries (UI thread) 2021/11/15 下午 07:39:53:489
TableControl: QueueUpdate 2021/11/15 下午 07:39:53:489
TableControl: QueueUpdate 2021/11/15 下午 07:39:53:490
TableControl: Refreshing UI 2021/11/15 下午 07:39:53:491
TableControl: QueueUpdate 2021/11/15 下午 07:39:53:492
TableControl: About to update entries 2021/11/15 下午 07:39:53:492
TableControl: Updating entries 2021/11/15 下午 07:39:53:493
TableControl: Updating entries (UI thread) 2021/11/15 下午 07:39:53:494
TableControl: Refreshing UI 2021/11/15 下午 07:39:53:494
TableControl: QueueUpdate 2021/11/15 下午 07:39:54:233
TableControl: About to update entries 2021/11/15 下午 07:39:54:233
TableControl: Updating entries 2021/11/15 下午 07:39:54:233
TableControl: Updating entries (UI thread) 2021/11/15 下午 07:39:54:235
TableControl: Refreshing UI 2021/11/15 下午 07:39:54:235
Informational: 開始為要求的測試回合執行測試探索
Informational: ========== 開始測試探索 ==========
Warning: D:\Mydata\視窗程式設計\108820035\_homeWork\HTMLParser\bin\Debug\_homeWork.exe 中未提供任何測試。請確定已登錄了測試探索程式與執行程式，且平台與 Framework 版本設定皆正確，然後再試一次。
Informational: ========== 測試探索已完成: 在 1.9 秒 找到 33 項測試 ==========
Informational: ========== 開始測試回合 ==========
TableControl: QueueUpdate 2021/11/15 下午 07:39:56:707
TableControl: About to update entries 2021/11/15 下午 07:39:56:809
TableControl: Updating entries 2021/11/15 下午 07:39:56:809
TableControl: Updating entries (UI thread) 2021/11/15 下午 07:39:56:809
TableControl: Refreshing UI 2021/11/15 下午 07:39:56:809
TableControl: QueueUpdate 2021/11/15 下午 07:39:59:97
TableControl: About to update entries 2021/11/15 下午 07:39:59:205
TableControl: Updating entries 2021/11/15 下午 07:39:59:205
TableControl: Updating entries (UI thread) 2021/11/15 下午 07:39:59:205
TableControl: Refreshing UI 2021/11/15 下午 07:39:59:205
TableControl: QueueUpdate 2021/11/15 下午 07:40:00:637
TableControl: About to update entries 2021/11/15 下午 07:40:00:752
TableControl: Updating entries 2021/11/15 下午 07:40:00:753
TableControl: Updating entries (UI thread) 2021/11/15 下午 07:40:00:754
TableControl: Refreshing UI 2021/11/15 下午 07:40:00:755
TableControl: QueueUpdate 2021/11/15 下午 07:40:02:112
TableControl: About to update entries 2021/11/15 下午 07:40:02:220
TableControl: Updating entries 2021/11/15 下午 07:40:02:221
TableControl: Updating entries (UI thread) 2021/11/15 下午 07:40:02:222
TableControl: Refreshing UI 2021/11/15 下午 07:40:02:223
TableControl: QueueUpdate 2021/11/15 下午 07:40:03:616
TableControl: About to update entries 2021/11/15 下午 07:40:03:717
TableControl: Updating entries 2021/11/15 下午 07:40:03:718
TableControl: Updating entries (UI thread) 2021/11/15 下午 07:40:03:719
TableControl: Refreshing UI 2021/11/15 下午 07:40:03:720
TableControl: QueueUpdate 2021/11/15 下午 07:40:05:133
TableControl: About to update entries 2021/11/15 下午 07:40:05:235
TableControl: Updating entries 2021/11/15 下午 07:40:05:236
TableControl: Updating entries (UI thread) 2021/11/15 下午 07:40:05:237
TableControl: Refreshing UI 2021/11/15 下午 07:40:05:238
TableControl: QueueUpdate 2021/11/15 下午 07:40:06:642
TableControl: About to update entries 2021/11/15 下午 07:40:06:751
TableControl: Updating entries 2021/11/15 下午 07:40:06:752
TableControl: Updating entries (UI thread) 2021/11/15 下午 07:40:06:753
TableControl: Refreshing UI 2021/11/15 下午 07:40:06:754
TableControl: QueueUpdate 2021/11/15 下午 07:40:08:150
TableControl: About to update entries 2021/11/15 下午 07:40:08:251
TableControl: Updating entries 2021/11/15 下午 07:40:08:251
TableControl: Updating entries (UI thread) 2021/11/15 下午 07:40:08:252
TableControl: Refreshing UI 2021/11/15 下午 07:40:08:252
TableControl: QueueUpdate 2021/11/15 下午 07:40:09:635
TableControl: About to update entries 2021/11/15 下午 07:40:09:736
TableControl: Updating entries 2021/11/15 下午 07:40:09:737
TableControl: Updating entries (UI thread) 2021/11/15 下午 07:40:09:738
TableControl: Refreshing UI 2021/11/15 下午 07:40:09:739
TableControl: QueueUpdate 2021/11/15 下午 07:40:11:153
TableControl: About to update entries 2021/11/15 下午 07:40:11:262
TableControl: Updating entries 2021/11/15 下午 07:40:11:263
TableControl: Updating entries (UI thread) 2021/11/15 下午 07:40:11:264
TableControl: Refreshing UI 2021/11/15 下午 07:40:11:264
TableControl: QueueUpdate 2021/11/15 下午 07:40:12:639
TableControl: About to update entries 2021/11/15 下午 07:40:12:748
TableControl: Updating entries 2021/11/15 下午 07:40:12:748
TableControl: Updating entries (UI thread) 2021/11/15 下午 07:40:12:748
TableControl: Refreshing UI 2021/11/15 下午 07:40:12:749
TableControl: QueueUpdate 2021/11/15 下午 07:40:14:143
TableControl: About to update entries 2021/11/15 下午 07:40:14:252
TableControl: Updating entries 2021/11/15 下午 07:40:14:253
TableControl: Updating entries (UI thread) 2021/11/15 下午 07:40:14:254
TableControl: Refreshing UI 2021/11/15 下午 07:40:14:255
TableControl: QueueUpdate 2021/11/15 下午 07:40:15:649
TableControl: About to update entries 2021/11/15 下午 07:40:15:750
TableControl: Updating entries 2021/11/15 下午 07:40:15:751
TableControl: Updating entries (UI thread) 2021/11/15 下午 07:40:15:752
TableControl: Refreshing UI 2021/11/15 下午 07:40:15:753
TableControl: QueueUpdate 2021/11/15 下午 07:40:17:166
TableControl: About to update entries 2021/11/15 下午 07:40:17:267
TableControl: Updating entries 2021/11/15 下午 07:40:17:268
TableControl: Updating entries (UI thread) 2021/11/15 下午 07:40:17:269
TableControl: Refreshing UI 2021/11/15 下午 07:40:17:270
TableControl: QueueUpdate 2021/11/15 下午 07:40:18:669
TableControl: About to update entries 2021/11/15 下午 07:40:18:782
TableControl: Updating entries 2021/11/15 下午 07:40:18:783
TableControl: Updating entries (UI thread) 2021/11/15 下午 07:40:18:783
TableControl: Refreshing UI 2021/11/15 下午 07:40:18:784
TableControl: QueueUpdate 2021/11/15 下午 07:40:20:172
TableControl: About to update entries 2021/11/15 下午 07:40:20:280
TableControl: Updating entries 2021/11/15 下午 07:40:20:280
TableControl: Updating entries (UI thread) 2021/11/15 下午 07:40:20:281
TableControl: Refreshing UI 2021/11/15 下午 07:40:20:281
TableControl: QueueUpdate 2021/11/15 下午 07:40:21:687
TableControl: About to update entries 2021/11/15 下午 07:40:21:795
TableControl: Updating entries 2021/11/15 下午 07:40:21:795
TableControl: Updating entries (UI thread) 2021/11/15 下午 07:40:21:796
TableControl: Refreshing UI 2021/11/15 下午 07:40:21:796
TableControl: QueueUpdate 2021/11/15 下午 07:40:23:175
TableControl: About to update entries 2021/11/15 下午 07:40:23:282
TableControl: Updating entries 2021/11/15 下午 07:40:23:282
TableControl: Updating entries (UI thread) 2021/11/15 下午 07:40:23:282
TableControl: Refreshing UI 2021/11/15 下午 07:40:23:283
TableControl: QueueUpdate 2021/11/15 下午 07:40:24:681
TableControl: About to update entries 2021/11/15 下午 07:40:24:784
TableControl: Updating entries 2021/11/15 下午 07:40:24:784
TableControl: Updating entries (UI thread) 2021/11/15 下午 07:40:24:785
TableControl: Refreshing UI 2021/11/15 下午 07:40:24:785
TableControl: QueueUpdate 2021/11/15 下午 07:40:26:197
TableControl: About to update entries 2021/11/15 下午 07:40:26:297
TableControl: Updating entries 2021/11/15 下午 07:40:26:298
TableControl: Updating entries (UI thread) 2021/11/15 下午 07:40:26:299
TableControl: Refreshing UI 2021/11/15 下午 07:40:26:300
TableControl: QueueUpdate 2021/11/15 下午 07:40:27:703
TableControl: About to update entries 2021/11/15 下午 07:40:27:811
TableControl: Updating entries 2021/11/15 下午 07:40:27:811
TableControl: Updating entries (UI thread) 2021/11/15 下午 07:40:27:812
TableControl: Refreshing UI 2021/11/15 下午 07:40:27:812
TableControl: QueueUpdate 2021/11/15 下午 07:40:29:191
TableControl: About to update entries 2021/11/15 下午 07:40:29:293
TableControl: Updating entries 2021/11/15 下午 07:40:29:294
TableControl: Updating entries (UI thread) 2021/11/15 下午 07:40:29:295
TableControl: Refreshing UI 2021/11/15 下午 07:40:29:296
TableControl: QueueUpdate 2021/11/15 下午 07:40:30:695
TableControl: About to update entries 2021/11/15 下午 07:40:30:796
TableControl: Updating entries 2021/11/15 下午 07:40:30:797
TableControl: Updating entries (UI thread) 2021/11/15 下午 07:40:30:798
TableControl: Refreshing UI 2021/11/15 下午 07:40:30:799
TableControl: QueueUpdate 2021/11/15 下午 07:40:32:222
TableControl: About to update entries 2021/11/15 下午 07:40:32:324
TableControl: Updating entries 2021/11/15 下午 07:40:32:324
TableControl: Updating entries (UI thread) 2021/11/15 下午 07:40:32:325
TableControl: Refreshing UI 2021/11/15 下午 07:40:32:325
Informational: ========== 測試回合已完成: 在 35.9 秒 執行了 33 項測試 (33 項通過，0 項失敗，0 項跳過) ==========
TableControl: QueueUpdate 2021/11/15 下午 07:40:33:509
TableControl: About to update entries 2021/11/15 下午 07:40:33:611
TableControl: Updating entries 2021/11/15 下午 07:40:33:611
TableControl: Updating entries (UI thread) 2021/11/15 下午 07:40:33:611
TableControl: Refreshing UI 2021/11/15 下午 07:40:33:612
TableControl: QueueUpdate 2021/11/26 下午 02:06:38:976
TableControl: About to update entries 2021/11/26 下午 02:06:39:89
TableControl: Updating entries 2021/11/26 下午 02:06:39:91
TableControl: Updating entries (UI thread) 2021/11/26 下午 02:06:39:93
TableControl: Refreshing UI 2021/11/26 下午 02:06:39:94
Informational: 開始為要求的測試回合執行測試探索
Informational: ========== 開始測試探索 ==========
Informational: ========== 測試探索已完成: 在 2 秒 找到 37 項測試 ==========
Informational: ========== 開始測試回合 ==========
TableControl: QueueUpdate 2021/11/26 下午 02:09:22:667
TableControl: About to update entries 2021/11/26 下午 02:09:22:777
TableControl: Updating entries 2021/11/26 下午 02:09:22:778
TableControl: Updating entries (UI thread) 2021/11/26 下午 02:09:22:779
TableControl: Refreshing UI 2021/11/26 下午 02:09:22:779
TableControl: QueueUpdate 2021/11/26 下午 02:09:25:365
TableControl: About to update entries 2021/11/26 下午 02:09:25:467
TableControl: Updating entries 2021/11/26 下午 02:09:25:470
TableControl: Updating entries (UI thread) 2021/11/26 下午 02:09:25:473
TableControl: Refreshing UI 2021/11/26 下午 02:09:25:475
Informational: ========== 測試回合已中止: 在 < 1 毫秒 執行了 0 項測試 (0 項通過，0 項失敗，0 項跳過) ==========
TableControl: QueueUpdate 2021/11/26 下午 02:09:48:353
TableControl: About to update entries 2021/11/26 下午 02:09:48:469
TableControl: Updating entries 2021/11/26 下午 02:09:48:470
TableControl: Updating entries (UI thread) 2021/11/26 下午 02:09:48:480
TableControl: Refreshing UI 2021/11/26 下午 02:09:48:481
Informational: 開始為要求的測試回合執行測試探索
Informational: ========== 開始測試探索 ==========
Informational: ========== 測試探索已完成: 在 1.7 秒 找到 37 項測試 ==========
Informational: ========== 開始測試回合 ==========
TableControl: QueueUpdate 2021/11/26 下午 02:10:11:755
TableControl: About to update entries 2021/11/26 下午 02:10:11:857
TableControl: Updating entries 2021/11/26 下午 02:10:11:858
TableControl: Updating entries (UI thread) 2021/11/26 下午 02:10:11:859
TableControl: Refreshing UI 2021/11/26 下午 02:10:11:860
TableControl: QueueUpdate 2021/11/26 下午 02:10:14:494
TableControl: About to update entries 2021/11/26 下午 02:10:14:604
TableControl: Updating entries 2021/11/26 下午 02:10:14:607
TableControl: Updating entries (UI thread) 2021/11/26 下午 02:10:14:628
TableControl: Refreshing UI 2021/11/26 下午 02:10:14:630
Informational: ========== 測試回合已中止: 在 < 1 毫秒 執行了 0 項測試 (0 項通過，0 項失敗，0 項跳過) ==========
TableControl: QueueUpdate 2021/11/26 下午 02:10:57:430
TableControl: About to update entries 2021/11/26 下午 02:10:57:532
TableControl: Updating entries 2021/11/26 下午 02:10:57:533
TableControl: Updating entries (UI thread) 2021/11/26 下午 02:10:57:544
TableControl: Refreshing UI 2021/11/26 下午 02:10:57:545
